android/app/build/intermediates/manifest_merge_blame_file/release/manifest-merger-blame-release-report.txt
1<?xml version="1.0" encoding="utf-8"?>
2<!--
3 <manifest xmlns:android="http://schemas.android.com/apk/res/android"
4  package="com.capitalsgame">
5
6    <uses-permission android:name="android.permission.INTERNET" />
7
8    <application
9      android:name=".MainApplication"
10      android:label="@string/app_name"
11      android:icon="@mipmap/ic_launcher"
12      android:roundIcon="@mipmap/ic_launcher_round"
13      android:allowBackup="false"
14      android:theme="@style/AppTheme">
15      <activity
16        android:name=".MainActivity"
17        android:label="@string/app_name"
18        android:configChanges="keyboard|keyboardHidden|orientation|screenSize|uiMode"
19        android:launchMode="singleTask"
20        android:windowSoftInputMode="adjustResize">
21        <intent-filter>
22            <action android:name="android.intent.action.MAIN" />
23            <category android:name="android.intent.category.LAUNCHER" />
24        </intent-filter>
25      </activity>
26      <activity android:name="com.facebook.react.devsupport.DevSettingsActivity" />
27    </application>
28
29</manifest>
30-->
31<manifest xmlns:android="http://schemas.android.com/apk/res/android"
32    package="com.capitalsgame"
33    android:versionCode="1"
34    android:versionName="1.0" >
35
36    <uses-sdk
37        android:minSdkVersion="16"
37-->src/main/AndroidManifest.xml
38        android:targetSdkVersion="28" />
38-->src/main/AndroidManifest.xml
39
40    <uses-permission android:name="android.permission.INTERNET" />
40-->src/main/AndroidManifest.xml:33:5-67
40-->src/main/AndroidManifest.xml:33:22-64
41    <uses-permission android:name="android.permission.WAKE_LOCK" />
41-->[:react-native-firebase_admob] AndroidManifest.xml:12:5-68
41-->[:react-native-firebase_admob] AndroidManifest.xml:12:22-65
42    <uses-permission android:name="android.permission.ACCESS_NETWORK_STATE" />
42-->[:react-native-firebase_admob] AndroidManifest.xml:13:5-79
42-->[:react-native-firebase_admob] AndroidManifest.xml:13:22-76
43    <uses-permission android:name="com.google.android.finsky.permission.BIND_GET_INSTALL_REFERRER_SERVICE" /> <!-- Required by older versions of Google Play services to create IID tokens -->
43-->[com.google.android.gms:play-services-measurement:17.2.1] AndroidManifest.xml:26:5-110
43-->[com.google.android.gms:play-services-measurement:17.2.1] AndroidManifest.xml:26:22-107
44    <uses-permission android:name="com.google.android.c2dm.permission.RECEIVE" />
44-->[com.google.firebase:firebase-iid:19.0.0] AndroidManifest.xml:26:5-82
44-->[com.google.firebase:firebase-iid:19.0.0] AndroidManifest.xml:26:22-79
45
46    <application
46-->src/main/AndroidManifest.xml:35:5-63:19
47        android:name="com.capitalsgame.MainApplication"
47-->src/main/AndroidManifest.xml:36:7-38
48        android:allowBackup="false"
48-->src/main/AndroidManifest.xml:40:7-34
49        android:appComponentFactory="androidx.core.app.CoreComponentFactory"
49-->[androidx.core:core:1.1.0] AndroidManifest.xml:24:18-86
50        android:icon="@mipmap/ic_launcher"
50-->src/main/AndroidManifest.xml:38:7-41
51        android:label="@string/app_name"
51-->src/main/AndroidManifest.xml:37:7-39
52        android:roundIcon="@mipmap/ic_launcher_round"
52-->src/main/AndroidManifest.xml:39:7-52
53        android:theme="@style/AppTheme" >
53-->src/main/AndroidManifest.xml:41:7-38
54
55        <!-- Add this SplashActivity -->
56        <activity
56-->src/main/AndroidManifest.xml:44:9-52:20
57            android:name="com.capitalsgame.SplashActivity"
57-->src/main/AndroidManifest.xml:45:11-41
58            android:label="@string/app_name"
58-->src/main/AndroidManifest.xml:47:11-43
59            android:theme="@style/SplashTheme" >
59-->src/main/AndroidManifest.xml:46:11-45
60            <intent-filter>
60-->src/main/AndroidManifest.xml:48:11-51:27
61                <action android:name="android.intent.action.MAIN" />
61-->src/main/AndroidManifest.xml:49:15-67
61-->src/main/AndroidManifest.xml:49:23-64
62
63                <category android:name="android.intent.category.LAUNCHER" />
63-->src/main/AndroidManifest.xml:50:15-75
63-->src/main/AndroidManifest.xml:50:25-72
64            </intent-filter>
65        </activity>
66
67        <!-- Remove the intent-filter of the MainActivity and add a param android:exported="true" -->
68        <activity
68-->src/main/AndroidManifest.xml:55:9-60:36
69            android:name="com.capitalsgame.MainActivity"
69-->src/main/AndroidManifest.xml:56:11-39
70            android:configChanges="keyboard|keyboardHidden|orientation|screenSize"
70-->src/main/AndroidManifest.xml:58:11-81
71            android:exported="true"
71-->src/main/AndroidManifest.xml:60:11-34
72            android:label="@string/app_name"
72-->src/main/AndroidManifest.xml:57:11-43
73            android:windowSoftInputMode="adjustResize" />
73-->src/main/AndroidManifest.xml:59:11-53
74        <activity android:name="com.facebook.react.devsupport.DevSettingsActivity" />
74-->src/main/AndroidManifest.xml:62:7-84
74-->src/main/AndroidManifest.xml:62:17-81
75
76        <meta-data
76-->[:react-native-firebase_admob] AndroidManifest.xml:16:9-18:70
77            android:name="com.google.android.gms.ads.APPLICATION_ID"
77-->[:react-native-firebase_admob] AndroidManifest.xml:17:13-69
78            android:value="ca-app-pub-6984163410331419~1104660239" />
78-->[:react-native-firebase_admob] AndroidManifest.xml:18:13-67
79        <meta-data
79-->[:react-native-firebase_admob] AndroidManifest.xml:19:9-21:37
80            android:name="com.google.android.gms.ads.DELAY_APP_MEASUREMENT_INIT"
80-->[:react-native-firebase_admob] AndroidManifest.xml:20:13-81
81            android:value="false" />
81-->[:react-native-firebase_admob] AndroidManifest.xml:21:13-34
82
83        <receiver
83-->[com.google.android.gms:play-services-measurement:17.2.1] AndroidManifest.xml:29:9-33:20
84            android:name="com.google.android.gms.measurement.AppMeasurementReceiver"
84-->[com.google.android.gms:play-services-measurement:17.2.1] AndroidManifest.xml:30:13-85
85            android:enabled="true"
85-->[com.google.android.gms:play-services-measurement:17.2.1] AndroidManifest.xml:31:13-35
86            android:exported="false" >
86-->[com.google.android.gms:play-services-measurement:17.2.1] AndroidManifest.xml:32:13-37
87        </receiver>
88        <receiver
88-->[com.google.android.gms:play-services-measurement:17.2.1] AndroidManifest.xml:34:9-42:20
89            android:name="com.google.android.gms.measurement.AppMeasurementInstallReferrerReceiver"
89-->[com.google.android.gms:play-services-measurement:17.2.1] AndroidManifest.xml:35:13-100
90            android:enabled="true"
90-->[com.google.android.gms:play-services-measurement:17.2.1] AndroidManifest.xml:36:13-35
91            android:exported="true"
91-->[com.google.android.gms:play-services-measurement:17.2.1] AndroidManifest.xml:37:13-36
92            android:permission="android.permission.INSTALL_PACKAGES" >
92-->[com.google.android.gms:play-services-measurement:17.2.1] AndroidManifest.xml:38:13-69
93            <intent-filter>
93-->[com.google.android.gms:play-services-measurement:17.2.1] AndroidManifest.xml:39:13-41:29
94                <action android:name="com.android.vending.INSTALL_REFERRER" />
94-->[com.google.android.gms:play-services-measurement:17.2.1] AndroidManifest.xml:40:17-79
94-->[com.google.android.gms:play-services-measurement:17.2.1] AndroidManifest.xml:40:25-76
95            </intent-filter>
96        </receiver>
97
98        <service
98-->[com.google.android.gms:play-services-measurement:17.2.1] AndroidManifest.xml:44:9-47:40
99            android:name="com.google.android.gms.measurement.AppMeasurementService"
99-->[com.google.android.gms:play-services-measurement:17.2.1] AndroidManifest.xml:45:13-84
100            android:enabled="true"
100-->[com.google.android.gms:play-services-measurement:17.2.1] AndroidManifest.xml:46:13-35
101            android:exported="false" />
101-->[com.google.android.gms:play-services-measurement:17.2.1] AndroidManifest.xml:47:13-37
102        <service
102-->[com.google.android.gms:play-services-measurement:17.2.1] AndroidManifest.xml:48:9-52:72
103            android:name="com.google.android.gms.measurement.AppMeasurementJobService"
103-->[com.google.android.gms:play-services-measurement:17.2.1] AndroidManifest.xml:49:13-87
104            android:enabled="true"
104-->[com.google.android.gms:play-services-measurement:17.2.1] AndroidManifest.xml:50:13-35
105            android:exported="false"
105-->[com.google.android.gms:play-services-measurement:17.2.1] AndroidManifest.xml:51:13-37
106            android:permission="android.permission.BIND_JOB_SERVICE" />
106-->[com.google.android.gms:play-services-measurement:17.2.1] AndroidManifest.xml:52:13-69
107        <service
107-->[com.google.android.gms:play-services-measurement-api:17.2.1] AndroidManifest.xml:27:9-33:19
108            android:name="com.google.firebase.components.ComponentDiscoveryService"
108-->[com.google.android.gms:play-services-measurement-api:17.2.1] AndroidManifest.xml:28:13-84
109            android:exported="false" >
109-->[com.google.android.gms:play-services-measurement-api:17.2.1] AndroidManifest.xml:29:13-37
110            <meta-data
110-->[com.google.android.gms:play-services-measurement-api:17.2.1] AndroidManifest.xml:30:13-32:85
111                android:name="com.google.firebase.components:com.google.firebase.analytics.connector.internal.AnalyticsConnectorRegistrar"
111-->[com.google.android.gms:play-services-measurement-api:17.2.1] AndroidManifest.xml:31:17-139
112                android:value="com.google.firebase.components.ComponentRegistrar" />
112-->[com.google.android.gms:play-services-measurement-api:17.2.1] AndroidManifest.xml:32:17-82
113            <meta-data
113-->[com.google.firebase:firebase-iid:19.0.0] AndroidManifest.xml:32:13-34:85
114                android:name="com.google.firebase.components:com.google.firebase.iid.Registrar"
114-->[com.google.firebase:firebase-iid:19.0.0] AndroidManifest.xml:33:17-96
115                android:value="com.google.firebase.components.ComponentRegistrar" />
115-->[com.google.firebase:firebase-iid:19.0.0] AndroidManifest.xml:34:17-82
116        </service> <!-- Include the AdActivity and InAppPurchaseActivity configChanges and themes. -->
117        <activity
117-->[com.google.android.gms:play-services-ads-lite:18.3.0] AndroidManifest.xml:29:9-33:64
118            android:name="com.google.android.gms.ads.AdActivity"
118-->[com.google.android.gms:play-services-ads-lite:18.3.0] AndroidManifest.xml:30:13-65
119            android:configChanges="keyboard|keyboardHidden|orientation|screenLayout|uiMode|screenSize|smallestScreenSize"
119-->[com.google.android.gms:play-services-ads-lite:18.3.0] AndroidManifest.xml:31:13-122
120            android:exported="false"
120-->[com.google.android.gms:play-services-ads-lite:18.3.0] AndroidManifest.xml:32:13-37
121            android:theme="@android:style/Theme.Translucent" />
121-->[com.google.android.gms:play-services-ads-lite:18.3.0] AndroidManifest.xml:33:13-61
122
123        <provider
123-->[com.google.android.gms:play-services-ads-lite:18.3.0] AndroidManifest.xml:35:9-39:39
124            android:name="com.google.android.gms.ads.MobileAdsInitProvider"
124-->[com.google.android.gms:play-services-ads-lite:18.3.0] AndroidManifest.xml:36:13-76
125            android:authorities="com.capitalsgame.mobileadsinitprovider"
125-->[com.google.android.gms:play-services-ads-lite:18.3.0] AndroidManifest.xml:37:13-73
126            android:exported="false"
126-->[com.google.android.gms:play-services-ads-lite:18.3.0] AndroidManifest.xml:38:13-37
127            android:initOrder="100" />
127-->[com.google.android.gms:play-services-ads-lite:18.3.0] AndroidManifest.xml:39:13-36
128
129        <receiver
129-->[com.google.firebase:firebase-iid:19.0.0] AndroidManifest.xml:37:9-44:20
130            android:name="com.google.firebase.iid.FirebaseInstanceIdReceiver"
130-->[com.google.firebase:firebase-iid:19.0.0] AndroidManifest.xml:38:13-78
131            android:exported="true"
131-->[com.google.firebase:firebase-iid:19.0.0] AndroidManifest.xml:39:13-36
132            android:permission="com.google.android.c2dm.permission.SEND" >
132-->[com.google.firebase:firebase-iid:19.0.0] AndroidManifest.xml:40:13-73
133            <intent-filter>
133-->[com.google.firebase:firebase-iid:19.0.0] AndroidManifest.xml:41:13-43:29
134                <action android:name="com.google.android.c2dm.intent.RECEIVE" />
134-->[com.google.firebase:firebase-iid:19.0.0] AndroidManifest.xml:42:17-81
134-->[com.google.firebase:firebase-iid:19.0.0] AndroidManifest.xml:42:25-78
135            </intent-filter>
136        </receiver>
137
138        <provider
138-->[com.google.firebase:firebase-common:19.0.0] AndroidManifest.xml:12:9-16:39
139            android:name="com.google.firebase.provider.FirebaseInitProvider"
139-->[com.google.firebase:firebase-common:19.0.0] AndroidManifest.xml:13:13-77
140            android:authorities="com.capitalsgame.firebaseinitprovider"
140-->[com.google.firebase:firebase-common:19.0.0] AndroidManifest.xml:14:13-72
141            android:exported="false"
141-->[com.google.firebase:firebase-common:19.0.0] AndroidManifest.xml:15:13-37
142            android:initOrder="100" />
142-->[com.google.firebase:firebase-common:19.0.0] AndroidManifest.xml:16:13-36
143
144        <activity
144-->[com.google.android.gms:play-services-base:17.0.0] AndroidManifest.xml:23:9-26:75
145            android:name="com.google.android.gms.common.api.GoogleApiActivity"
145-->[com.google.android.gms:play-services-base:17.0.0] AndroidManifest.xml:24:13-79
146            android:exported="false"
146-->[com.google.android.gms:play-services-base:17.0.0] AndroidManifest.xml:25:13-37
147            android:theme="@android:style/Theme.Translucent.NoTitleBar" />
147-->[com.google.android.gms:play-services-base:17.0.0] AndroidManifest.xml:26:13-72
148
149        <meta-data
149-->[com.google.android.gms:play-services-basement:17.0.0] AndroidManifest.xml:23:9-25:69
150            android:name="com.google.android.gms.version"
150-->[com.google.android.gms:play-services-basement:17.0.0] AndroidManifest.xml:24:13-58
151            android:value="@integer/google_play_services_version" />
151-->[com.google.android.gms:play-services-basement:17.0.0] AndroidManifest.xml:25:13-66
152    </application>
153
154</manifest>